<?xml version="1.0" encoding="UTF-8"?>
<!-- Generated by org.testng.reporters.JUnitXMLReporter -->
<testsuite ignored="0" hostname="Mohaimanul" failures="0" tests="1" name="Default test(failed)" time="0.068" errors="0" timestamp="30 Jan 2022 19:45:08 GMT">
  <testcase classname="com.baseclass.BaseClass" name="@BeforeMethod SetUp" time="0.0">
    <failure type="org.testng.TestNGException" message="
Parameter &amp;apos;browser&amp;apos; is required by BeforeMethod on method SetUp but has not been marked @Optional or defined
in C:\Users\mohai\eclipse-workspace\CucumberJavaSelenium\test-output\testng-failed.xml">
      <![CDATA[org.testng.TestNGException: 
Parameter 'browser' is required by BeforeMethod on method SetUp but has not been marked @Optional or defined
in C:\Users\mohai\eclipse-workspace\CucumberJavaSelenium\test-output\testng-failed.xml
... Removed 25 stack frames]]>
    </failure>
  </testcase> <!-- @BeforeMethod SetUp -->
  <testcase classname="com.baseclass.BaseClass" name="openApplicaiton" time="0.0">
    <skipped/>
  </testcase> <!-- openApplicaiton -->
</testsuite> <!-- Default test(failed) -->
